<?xml version="1.0" encoding="UTF-8"?>
<!-- Generated by org.testng.reporters.JUnitReportReporter -->
<testsuite hostname="MrRobinson" name="com.iplacex.TestSelenium.AppTest" tests="1" failures="0" timestamp="13 Dec 2022 23:26:40 GMT" time="0,004" errors="0">
  <testcase name="testApp" time="0,004" classname="com.iplacex.TestSelenium.AppTest"/>
</testsuite>
